 INFO: B matrix   0.00000000      0.200000003      0.300000012      0.400000006     -0.500000000     -0.500000000      0.100000001       0.00000000      0.100000001      0.600000024      0.600000024      0.100000001       1.66666675E-02  -5.00000007E-02   0.00000000     -0.149999991       1.66666675E-02   5.00000007E-02  -9.09090880E-03  -8.18181783E-02   1.81818176E-02   0.00000000      -9.09090880E-03  -9.09090880E-03 -0.100000001      0.100000001      0.300000012      0.300000012       0.00000000     -0.100000001     -0.100000001      0.500000000      0.500000000      0.500000000      0.500000000       0.00000000    
 INFO: g matrix:  -7.00000000      -1.00000000     -0.166666672       0.00000000      -1.00000000       0.00000000    
 dims:           6
 dims:           6
 
 id:           1 DEBUG 2D MATRIX
 
 id:           0 DEBUG 2D MATRIX
  -9.09090880E-03  -8.18181783E-02   1.81818176E-02   0.00000000      -9.09090880E-03  -9.09090880E-03
 -0.100000001      0.100000001      0.300000012      0.300000012       0.00000000     -0.100000001    
 -0.100000001      0.500000000      0.500000000      0.500000000      0.500000000       0.00000000    
 INFO: id:            1 g_part:    0.00000000      -1.00000000       0.00000000    
   0.00000000      0.200000003      0.300000012      0.400000006     -0.500000000     -0.500000000    
  0.100000001       0.00000000      0.100000001      0.600000024      0.600000024      0.100000001    
   1.66666675E-02  -5.00000007E-02   0.00000000     -0.149999991       1.66666675E-02   5.00000007E-02
 INFO: id:            0 g_part:   -7.00000000      -1.00000000     -0.166666672    
 DEBUG: Step :           1 x =   -7.00000000      -1.00000000     -0.166666672       0.00000000      -1.00000000       0.00000000    
 DEBUG: Step :           1 x =   -7.00000000      -1.00000000     -0.166666672       0.00000000      -1.00000000       0.00000000    
 DEBUG: diff:   -9.16666698    
 DEBUG: diff:   -9.16666698    
 DEBUG: Step :           2 x =   -6.75000000      -2.31666660     -0.250000030      0.151515156     -0.450000018     -0.383333355    
 DEBUG: diff:  -0.831818223    
 DEBUG: Step :           2 x =   -6.75000000      -2.31666660     -0.250000030      0.151515156     -0.450000018     -0.383333355    
 DEBUG: diff:  -0.831818223    
 DEBUG: Step :           3 x =   -7.06106043      -1.91742408     -0.212727264      0.253939360     -0.547878742     -0.757575750    
 DEBUG: diff:  -0.244242057    
 DEBUG: Step :           3 x =   -7.06106043      -1.91742408     -0.212727264      0.253939360     -0.547878742     -0.757575750    
 DEBUG: diff:  -0.244242057    
 DEBUG: Step :           4 x =   -6.69299984      -1.97950006     -0.273580819      0.229071587     -0.397515118     -0.505939305    
 DEBUG: diff:   0.622263372    
 DEBUG: Step :           4 x =   -6.69299984      -1.97950006     -0.273580819      0.229071587     -0.397515118     -0.505939305    
 DEBUG: diff:   0.622263372    
 DEBUG: Step :           5 x =   -6.93461800      -1.84831822     -0.245524615      0.226043552     -0.491408795     -0.541462183    
 DEBUG: diff:  -0.214824706    
 DEBUG: Step :           5 x =   -6.93461800      -1.84831822     -0.245524615      0.226043552     -0.491408795     -0.541462183    
 DEBUG: diff:  -0.214824706    
 DEBUG: Step :           6 x =   -6.83646870      -1.93137968     -0.258997500      0.219193652     -0.443068057     -0.486142218    
 DEBUG: diff:    9.84257609E-02
 DEBUG: Step :           6 x =   -6.83646870      -1.93137968     -0.258997500      0.219193652     -0.443068057     -0.486142218    
 DEBUG: diff:    9.84257609E-02
 DEBUG: Step :           7 x =   -6.91169214      -1.89248562     -0.248609453      0.223910004     -0.472817987     -0.523478925    
 DEBUG: diff:   -8.83116275E-02
 DEBUG: Step :           7 x =   -6.91169214      -1.89248562     -0.248609453      0.223910004     -0.472817987     -0.523478925    
 DEBUG: diff:   -8.83116275E-02
 DEBUG: Step :           8 x =   -6.86536789      -1.91772294     -0.254878014      0.222210348     -0.453141272     -0.503832340    
 DEBUG: diff:    5.24420142E-02
 DEBUG: Step :           8 x =   -6.86536789      -1.91772294     -0.254878014      0.222210348     -0.453141272     -0.503832340    
 DEBUG: diff:    5.24420142E-02
 DEBUG: Step :           9 x =   -6.89263630      -1.90096641     -0.251278847      0.223382637     -0.464652568     -0.515229166    
 DEBUG: diff:   -2.86485404E-02
 DEBUG: Step :           9 x =   -6.89263630      -1.90096641     -0.251278847      0.223382637     -0.464652568     -0.515229166    
 DEBUG: diff:   -2.86485404E-02
 DEBUG: Step :          10 x =   -6.87628269      -1.91067636     -0.253508687      0.222533241     -0.457678974     -0.507493973    
 DEBUG: diff:    1.82732046E-02
 DEBUG: Step :          10 x =   -6.87628269      -1.91067636     -0.253508687      0.222533241     -0.457678974     -0.507493973    
 DEBUG: diff:    1.82732046E-02
 DEBUG: Step :          11 x =   -6.88658857      -1.90481603     -0.252120256      0.223004758     -0.461982638     -0.512037158    
 DEBUG: diff:   -1.14324540E-02
 DEBUG: Step :          11 x =   -6.88658857      -1.90481603     -0.252120256      0.223004758     -0.461982638     -0.512037158    
 DEBUG: diff:   -1.14324540E-02
 DEBUG: Step :          12 x =   -6.88038731      -1.90846145     -0.252954632      0.222724661     -0.459353626     -0.509298205    
 DEBUG: diff:    6.80933893E-03
 DEBUG: Step :          12 x =   -6.88038731      -1.90846145     -0.252954632      0.222724661     -0.459353626     -0.509298205    
 DEBUG: diff:    6.80933893E-03
 DEBUG: Step :          13 x =   -6.88416290      -1.90624142     -0.252446234      0.222902581     -0.460946530     -0.510983706    
 DEBUG: diff:   -4.14764881E-03
 DEBUG: Step :          13 x =   -6.88416290      -1.90624142     -0.252446234      0.222902581     -0.460946530     -0.510983706    
 DEBUG: diff:   -4.14764881E-03
 DEBUG: Step :          14 x =   -6.88185644      -1.90758562     -0.252757668      0.222794294     -0.459972590     -0.509949505    
 DEBUG: diff:    2.55067647E-03
 DEBUG: Step :          14 x =   -6.88185644      -1.90758562     -0.252757668      0.222794294     -0.459972590     -0.509949505    
 DEBUG: diff:    2.55067647E-03
 DEBUG: Step :          15 x =   -6.88326550      -1.90676343     -0.252567828      0.222859383     -0.460567027     -0.510575175    
 DEBUG: diff:   -1.55204535E-03
 DEBUG: Step :          15 x =   -6.88326550      -1.90676343     -0.252567828      0.222859383     -0.460567027     -0.510575175    
 DEBUG: diff:   -1.55204535E-03
 DEBUG: Step :          16 x =   -6.88240814      -1.90726542     -0.252683401      0.222819477     -0.460204780     -0.510192931    
 DEBUG: diff:    9.44375992E-04
 DEBUG: Step :          16 x =   -6.88240814      -1.90726542     -0.252683401      0.222819477     -0.460204780     -0.510192931    
 DEBUG: diff:    9.44375992E-04
 DEBUG: Step :          17 x =   -6.88293123      -1.90695965     -0.252612829      0.222843900     -0.460425645     -0.510426283    
 DEBUG: diff:   -5.76540828E-04
 DEBUG: Step :          17 x =   -6.88293123      -1.90695965     -0.252612829      0.222843900     -0.460425645     -0.510426283    
 DEBUG: diff:   -5.76540828E-04
 DEBUG: Step :          18 x =   -6.88261223      -1.90714622     -0.252655864      0.222829044     -0.460290849     -0.510283947    
 DEBUG: diff:    3.51682305E-04
 DEBUG: Step :          18 x =   -6.88261223      -1.90714622     -0.252655864      0.222829044     -0.460290849     -0.510283947    
 DEBUG: diff:    3.51682305E-04
 DEBUG: Step :          19 x =   -6.88280678      -1.90703237     -0.252629668      0.222838074     -0.460373133     -0.510370731    
 DEBUG: diff:   -2.14546919E-04
 DEBUG: Step :          19 x =   -6.88280678      -1.90703237     -0.252629668      0.222838074     -0.460373133     -0.510370731    
 DEBUG: diff:   -2.14546919E-04
 DEBUG: Step :          20 x =   -6.88268852      -1.90710175     -0.252645612      0.222832546     -0.460322976     -0.510317862    
 DEBUG: diff:    1.30429864E-04
 DEBUG: Step :          20 x =   -6.88268852      -1.90710175     -0.252645612      0.222832546     -0.460322976     -0.510317862    
 DEBUG: diff:    1.30429864E-04
 DEBUG: Step :          21 x =   -6.88276052      -1.90705943     -0.252635896      0.222835943     -0.460353464     -0.510350049    
 DEBUG: diff:   -7.92443752E-05
 DEBUG: Step :          21 x =   -6.88276052      -1.90705943     -0.252635896      0.222835943     -0.460353464     -0.510350049    
 DEBUG: diff:   -7.92443752E-05
 INFO: Result:  -6.88276052      -1.90705943     -0.252635896      0.222835943     -0.460353464     -0.510350049    
